<?xml version="1.0" encoding="UTF-8"?>
<!-- Generated by org.testng.reporters.JUnitReportReporter -->
<testsuite hostname="DESKTOP-IG79IBO" failures="0" tests="1" name="com.testcase.Report_Testcase" time="0.433" errors="0" timestamp="2023-07-11T15:43:45 IST" skipped="0">
  <testcase classname="com.testcase.Report_Testcase" name="report_page" time="0.433"/>
  <system-out/>
</testsuite> <!-- com.testcase.Report_Testcase -->
