<?xml version="1.0" encoding="UTF-8"?>
<!-- Generated by org.testng.reporters.JUnitReportReporter -->
<testsuite hostname="DESKTOP-IG79IBO" failures="0" tests="1" name="com.testcase.Testcase_Cusomer_Sales" time="6.302" errors="0" timestamp="2023-07-11T15:43:45 IST" skipped="0">
  <testcase classname="com.testcase.Testcase_Cusomer_Sales" name="customer_page" time="6.302"/>
  <system-out/>
</testsuite> <!-- com.testcase.Testcase_Cusomer_Sales -->
