<?xml version="1.0" encoding="UTF-8"?>
<!-- Generated by org.testng.reporters.JUnitReportReporter -->
<testsuite hostname="DESKTOP-IG79IBO" failures="0" tests="1" name="com.testcase.Invoice_Testcase" time="7.220" errors="0" timestamp="2023-07-11T16:24:44 IST" skipped="0">
  <testcase classname="com.testcase.Invoice_Testcase" name="invoice_page" time="7.220"/>
  <system-out/>
</testsuite> <!-- com.testcase.Invoice_Testcase -->
