<?xml version="1.0" encoding="UTF-8"?>
<!-- Generated by org.testng.reporters.JUnitReportReporter -->
<testsuite hostname="DESKTOP-IG79IBO" failures="0" tests="1" name="com.testcase.Sign_In_Testcase" time="0.233" errors="0" timestamp="2023-07-11T16:24:44 IST" skipped="0">
  <testcase classname="com.testcase.Sign_In_Testcase" name="sign_In_Fun" time="0.233"/>
  <system-out/>
</testsuite> <!-- com.testcase.Sign_In_Testcase -->
