<?xml version="1.0" encoding="UTF-8"?>
<!-- Generated by org.testng.reporters.JUnitReportReporter -->
<testsuite hostname="DESKTOP-IG79IBO" failures="0" tests="1" name="com.testcase.Payment_Received_Testcase" time="25.963" errors="0" timestamp="2023-07-11T15:34:27 IST" skipped="0">
  <testcase classname="com.testcase.Payment_Received_Testcase" name="payment_Received_Page" time="25.963"/>
  <system-out/>
</testsuite> <!-- com.testcase.Payment_Received_Testcase -->
