<?xml version="1.0" encoding="UTF-8"?>
<!-- Generated by org.testng.reporters.JUnitReportReporter -->
<testsuite hostname="DESKTOP-IG79IBO" failures="0" tests="1" name="com.testcase.Expense_Testcase" time="5.142" errors="0" timestamp="2023-07-11T16:24:44 IST" skipped="0">
  <testcase classname="com.testcase.Expense_Testcase" name="expense_All_Page" time="5.142"/>
  <system-out/>
</testsuite> <!-- com.testcase.Expense_Testcase -->
