<?xml version="1.0" encoding="UTF-8"?>
<!-- Generated by org.testng.reporters.JUnitReportReporter -->
<testsuite hostname="DESKTOP-IG79IBO" failures="0" tests="1" name="com.testcase.Daybook_Testcase" time="0.309" errors="0" timestamp="2023-07-11T15:34:27 IST" skipped="0">
  <testcase classname="com.testcase.Daybook_Testcase" name="daybook_page" time="0.309"/>
  <system-out/>
</testsuite> <!-- com.testcase.Daybook_Testcase -->
