<?xml version="1.0" encoding="UTF-8"?>
<!-- Generated by org.testng.reporters.JUnitReportReporter -->
<testsuite hostname="DESKTOP-IG79IBO" failures="0" tests="3" name="com.testcase.Employee_Testcase" time="14.721" errors="0" timestamp="2023-07-11T16:24:44 IST" skipped="0">
  <testcase classname="com.testcase.Employee_Testcase" name="employee_Page" time="5.064"/>
  <system-out/>
  <testcase classname="com.testcase.Employee_Testcase" name="payment_Deduction" time="0.715"/>
  <system-out/>
  <testcase classname="com.testcase.Employee_Testcase" name="pay_Roll" time="8.942"/>
  <system-out/>
</testsuite> <!-- com.testcase.Employee_Testcase -->
